Traceback (most recent call last):
  File "C:\Users\VM256232\AppData\Local\miniforge3\envs\bw25\Lib\site-packages\jupyter_core\utils\__init__.py", line 154, in wrapped
    asyncio.get_running_loop()
RuntimeError: no running event loop

During handling of the above exception, another exception occurred:

Traceback (most recent call last):
  File "C:\Users\VM256232\AppData\Local\miniforge3\envs\bw25\Lib\site-packages\jupyter_cache\executors\utils.py", line 58, in single_nb_execution
    executenb(
  File "C:\Users\VM256232\AppData\Local\miniforge3\envs\bw25\Lib\site-packages\nbclient\client.py", line 1319, in execute
    return NotebookClient(nb=nb, resources=resources, km=km, **kwargs).execute()
           ^^^^^^^^^^^^^^^^^^^^^^^^^^^^^^^^^^^^^^^^^^^^^^^^^^^^^^^^^^^^^^^^^^^^^
  File "C:\Users\VM256232\AppData\Local\miniforge3\envs\bw25\Lib\site-packages\jupyter_core\utils\__init__.py", line 158, in wrapped
    return loop.run_until_complete(inner)
           ^^^^^^^^^^^^^^^^^^^^^^^^^^^^^^
  File "C:\Users\VM256232\AppData\Local\miniforge3\envs\bw25\Lib\asyncio\base_events.py", line 691, in run_until_complete
    return future.result()
           ^^^^^^^^^^^^^^^
  File "C:\Users\VM256232\AppData\Local\miniforge3\envs\bw25\Lib\site-packages\nbclient\client.py", line 709, in async_execute
    await self.async_execute_cell(
  File "C:\Users\VM256232\AppData\Local\miniforge3\envs\bw25\Lib\site-packages\nbclient\client.py", line 1062, in async_execute_cell
    await self._check_raise_for_error(cell, cell_index, exec_reply)
  File "C:\Users\VM256232\AppData\Local\miniforge3\envs\bw25\Lib\site-packages\nbclient\client.py", line 918, in _check_raise_for_error
    raise CellExecutionError.from_cell_and_msg(cell, exec_reply_content)
nbclient.exceptions.CellExecutionError: An error occurred while executing the following cell:
------------------
agb.findActivity("market for electricity, low voltage", db_name='ecoinvent-3.11-cutoff')
------------------


[31m---------------------------------------------------------------------------[39m
[31mException[39m                                 Traceback (most recent call last)
[36mCell[39m[36m [39m[32mIn[15][39m[32m, line 1[39m
[32m----> [39m[32m1[39m [43magb[49m[43m.[49m[43mfindActivity[49m[43m([49m[33;43m"[39;49m[33;43mmarket for electricity, low voltage[39;49m[33;43m"[39;49m[43m,[49m[43m [49m[43mdb_name[49m[43m=[49m[33;43m'[39;49m[33;43mecoinvent-3.11-cutoff[39;49m[33;43m'[39;49m[43m)[49m

[36mFile [39m[32m~\AppData\Local\miniforge3\envs\bw25\Lib\site-packages\lca_algebraic\activity.py:452[39m, in [36mfindActivity[39m[34m(name, loc, code, categories, category, db_name, single, case_sensitive, unit, limit)[39m
[32m    450[39m     [38;5;28;01mraise[39;00m [38;5;167;01mException[39;00m([33m"[39m[33mNo activity found in [39m[33m'[39m[38;5;132;01m%s[39;00m[33m'[39m[33m with name [39m[33m'[39m[38;5;132;01m%s[39;00m[33m'[39m[33m and location [39m[33m'[39m[38;5;132;01m%s[39;00m[33m'[39m[33m"[39m % (db_name, any_name, loc))
[32m    451[39m [38;5;28;01mif[39;00m single [38;5;129;01mand[39;00m [38;5;28mlen[39m(acts) > [32m1[39m:
[32m--> [39m[32m452[39m     [38;5;28;01mraise[39;00m [38;5;167;01mException[39;00m(
[32m    453[39m         [33m"[39m[33mSeveral activity found in [39m[33m'[39m[38;5;132;01m%s[39;00m[33m'[39m[33m with name [39m[33m'[39m[38;5;132;01m%s[39;00m[33m'[39m[33m and location [39m[33m'[39m[38;5;132;01m%s[39;00m[33m'[39m[33m:[39m[38;5;130;01m\n[39;00m[38;5;132;01m%s[39;00m[33m"[39m
[32m    454[39m         % (db_name, name, loc, [33m"[39m[38;5;130;01m\n[39;00m[33m"[39m.join([38;5;28mstr[39m(act) [38;5;28;01mfor[39;00m act [38;5;129;01min[39;00m acts))
[32m    455[39m     )
[32m    456[39m [38;5;28;01mif[39;00m [38;5;28mlen[39m(acts) == [32m1[39m:
[32m    457[39m     [38;5;28;01mreturn[39;00m acts[[32m0[39m]

[31mException[39m: Several activity found in 'ecoinvent-3.11-cutoff' with name 'market for electricity, low voltage' and location 'None':
'market for electricity, low voltage' (kilowatt hour, CH, None)
'market for electricity, low voltage' (kilowatt hour, CN-CSG, None)
'market for electricity, low voltage' (kilowatt hour, IN-Southern grid, None)
'market for electricity, low voltage' (kilowatt hour, CN-NCGC, None)
'market for electricity, low voltage' (kilowatt hour, IN-Northern grid, None)
'market for electricity, low voltage' (kilowatt hour, IN-Eastern grid, None)
'market for electricity, low voltage' (kilowatt hour, IN-Western grid, None)
'market for electricity, low voltage' (kilowatt hour, CN-SWG, None)
'market for electricity, low voltage' (kilowatt hour, CN-NECG, None)
'market for electricity, low voltage' (kilowatt hour, CN-ECGC, None)
'market for electricity, low voltage' (kilowatt hour, IN-North-eastern grid, None)
'market for electricity, low voltage' (kilowatt hour, CN-NWG, None)
'market for electricity, low voltage' (kilowatt hour, CN-CCG, None)
'market for electricity, low voltage' (kilowatt hour, AZ, None)
'market for electricity, low voltage' (kilowatt hour, SI, None)
'market for electricity, low voltage' (kilowatt hour, CL, None)
'market for electricity, low voltage' (kilowatt hour, NP, None)
'market for electricity, low voltage' (kilowatt hour, SE, None)
'market for electricity, low voltage' (kilowatt hour, CG, None)
'market for electricity, low voltage' (kilowatt hour, ZW, None)
'market for electricity, low voltage' (kilowatt hour, TH, None)
'market for electricity, low voltage' (kilowatt hour, ER, None)
'market for electricity, low voltage' (kilowatt hour, CW, None)
'market for electricity, low voltage' (kilowatt hour, ZM, None)
'market for electricity, low voltage' (kilowatt hour, BW, None)
'market for electricity, low voltage' (kilowatt hour, SD, None)
'market for electricity, low voltage' (kilowatt hour, CY, None)
'market for electricity, low voltage' (kilowatt hour, PK, None)
'market for electricity, low voltage' (kilowatt hour, GT, None)
'market for electricity, low voltage' (kilowatt hour, TG, None)
'market for electricity, low voltage' (kilowatt hour, MZ, None)
'market for electricity, low voltage' (kilowatt hour, BG, None)
'market for electricity, low voltage' (kilowatt hour, CM, None)
'market for electricity, low voltage' (kilowatt hour, SK, None)
'market for electricity, low voltage' (kilowatt hour, RO, None)
'market for electricity, low voltage' (kilowatt hour, EG, None)
'market for electricity, low voltage' (kilowatt hour, HU, None)
'market for electricity, low voltage' (kilowatt hour, JM, None)
'market for electricity, low voltage' (kilowatt hour, IS, None)
'market for electricity, low voltage' (kilowatt hour, SN, None)
'market for electricity, low voltage' (kilowatt hour, LU, None)
'market for electricity, low voltage' (kilowatt hour, EC, None)
'market for electricity, low voltage' (kilowatt hour, RS, None)
'market for electricity, low voltage' (kilowatt hour, BE, None)
'market for electricity, low voltage' (kilowatt hour, GR, None)
'market for electricity, low voltage' (kilowatt hour, PY, None)
'market for electricity, low voltage' (kilowatt hour, NL, None)
'market for electricity, low voltage' (kilowatt hour, TM, None)
'market for electricity, low voltage' (kilowatt hour, CZ, None)
'market for electricity, low voltage' (kilowatt hour, PA, None)
'market for electricity, low voltage' (kilowatt hour, AM, None)
'market for electricity, low voltage' (kilowatt hour, DE, None)
'market for electricity, low voltage' (kilowatt hour, ID, None)
'market for electricity, low voltage' (kilowatt hour, GE, None)
'market for electricity, low voltage' (kilowatt hour, IL, None)
'market for electricity, low voltage' (kilowatt hour, QA, None)
'market for electricity, low voltage' (kilowatt hour, NI, None)
'market for electricity, low voltage' (kilowatt hour, DZ, None)
'market for electricity, low voltage' (kilowatt hour, GH, None)
'market for electricity, low voltage' (kilowatt hour, ME, None)
'market for electricity, low voltage' (kilowatt hour, VE, None)
'market for electricity, low voltage' (kilowatt hour, ZA, None)
'market for electricity, low voltage' (kilowatt hour, NA, None)
'market for electricity, low voltage' (kilowatt hour, DO, None)
'market for electricity, low voltage' (kilowatt hour, TJ, None)
'market for electricity, low voltage' (kilowatt hour, XK, None)
'market for electricity, low voltage' (kilowatt hour, FI, None)
'market for electricity, low voltage' (kilowatt hour, MA, None)
'market for electricity, low voltage' (kilowatt hour, MY, None)
'market for electricity, low voltage' (kilowatt hour, JO, None)
'market for electricity, low voltage' (kilowatt hour, BJ, None)
'market for electricity, low voltage' (kilowatt hour, CU, None)
'market for electricity, low voltage' (kilowatt hour, AL, None)
'market for electricity, low voltage' (kilowatt hour, CR, None)
'market for electricity, low voltage' (kilowatt hour, AU, None)
'market for electricity, low voltage' (kilowatt hour, GB, None)
'market for electricity, low voltage' (kilowatt hour, BY, None)
'market for electricity, low voltage' (kilowatt hour, VN, None)
'market for electricity, low voltage' (kilowatt hour, GA, None)
'market for electricity, low voltage' (kilowatt hour, AT, None)
'market for electricity, low voltage' (kilowatt hour, MT, None)
'market for electricity, low voltage' (kilowatt hour, PT, None)
'market for electricity, low voltage' (kilowatt hour, HK, None)
'market for electricity, low voltage' (kilowatt hour, GI, None)
'market for electricity, low voltage' (kilowatt hour, SG, None)
'market for electricity, low voltage' (kilowatt hour, CI, None)
'market for electricity, low voltage' (kilowatt hour, MX, None)
'market for electricity, low voltage' (kilowatt hour, RU, None)
'market for electricity, low voltage' (kilowatt hour, KZ, None)
'market for electricity, low voltage' (kilowatt hour, YE, None)
'market for electricity, low voltage' (kilowatt hour, FR, None)
'market for electricity, low voltage' (kilowatt hour, MN, None)
'market for electricity, low voltage' (kilowatt hour, MM, None)
'market for electricity, low voltage' (kilowatt hour, SS, None)
'market for electricity, low voltage' (kilowatt hour, MU, None)
'market for electricity, low voltage' (kilowatt hour, UA, None)
'market for electricity, low voltage' (kilowatt hour, SV, None)
'market for electricity, low voltage' (kilowatt hour, UY, None)
'market for electricity, low voltage' (kilowatt hour, PL, None)
'market for electricity, low voltage' (kilowatt hour, MK, None)
'market for electricity, low voltage' (kilowatt hour, AO, None)
'market for electricity, low voltage' (kilowatt hour, LK, None)
'market for electricity, low voltage' (kilowatt hour, TT, None)
'market for electricity, low voltage' (kilowatt hour, BN, None)
'market for electricity, low voltage' (kilowatt hour, NZ, None)
'market for electricity, low voltage' (kilowatt hour, SA, None)
'market for electricity, low voltage' (kilowatt hour, BA, None)
'market for electricity, low voltage' (kilowatt hour, AE, None)
'market for electricity, low voltage' (kilowatt hour, IR, None)
'market for electricity, low voltage' (kilowatt hour, SY, None)
'market for electricity, low voltage' (kilowatt hour, MD, None)
'market for electricity, low voltage' (kilowatt hour, TW, None)
'market for electricity, low voltage' (kilowatt hour, CD, None)
'market for electricity, low voltage' (kilowatt hour, KP, None)
'market for electricity, low voltage' (kilowatt hour, BR-Northern grid, None)
'market for electricity, low voltage' (kilowatt hour, BR-Southern grid, None)
'market for electricity, low voltage' (kilowatt hour, BR-North-eastern grid, None)
'market for electricity, low voltage' (kilowatt hour, BR-South-eastern/Mid-western grid, None)
'market for electricity, low voltage' (kilowatt hour, AR, None)
'market for electricity, low voltage' (kilowatt hour, PE, None)
'market for electricity, low voltage' (kilowatt hour, IQ, None)
'market for electricity, low voltage' (kilowatt hour, HT, None)
'market for electricity, low voltage' (kilowatt hour, BH, None)
'market for electricity, low voltage' (kilowatt hour, LB, None)
'market for electricity, low voltage' (kilowatt hour, IE, None)
'market for electricity, low voltage' (kilowatt hour, LV, None)
'market for electricity, low voltage' (kilowatt hour, TN, None)
'market for electricity, low voltage' (kilowatt hour, NE, None)
'market for electricity, low voltage' (kilowatt hour, DK, None)
'market for electricity, low voltage' (kilowatt hour, HR, None)
'market for electricity, low voltage' (kilowatt hour, NO, None)
'market for electricity, low voltage' (kilowatt hour, TR, None)
'market for electricity, low voltage' (kilowatt hour, LT, None)
'market for electricity, low voltage' (kilowatt hour, LY, None)
'market for electricity, low voltage' (kilowatt hour, EE, None)
'market for electricity, low voltage' (kilowatt hour, KG, None)
'market for electricity, low voltage' (kilowatt hour, BD, None)
'market for electricity, low voltage' (kilowatt hour, NG, None)
'market for electricity, low voltage' (kilowatt hour, JP, None)
'market for electricity, low voltage' (kilowatt hour, PH, None)
'market for electricity, low voltage' (kilowatt hour, ES, None)
'market for electricity, low voltage' (kilowatt hour, KE, None)
'market for electricity, low voltage' (kilowatt hour, KH, None)
'market for electricity, low voltage' (kilowatt hour, IT, None)
'market for electricity, low voltage' (kilowatt hour, KW, None)
'market for electricity, low voltage' (kilowatt hour, ET, None)
'market for electricity, low voltage' (kilowatt hour, HN, None)
'market for electricity, low voltage' (kilowatt hour, OM, None)
'market for electricity, low voltage' (kilowatt hour, UZ, None)
'market for electricity, low voltage' (kilowatt hour, KR, None)
'market for electricity, low voltage' (kilowatt hour, TZ, None)
'market for electricity, low voltage' (kilowatt hour, BO, None)
'market for electricity, low voltage' (kilowatt hour, US-HICC, None)
'market for electricity, low voltage' (kilowatt hour, CA-AB, None)
'market for electricity, low voltage' (kilowatt hour, CA-NU, None)
'market for electricity, low voltage' (kilowatt hour, CA-MB, None)
'market for electricity, low voltage' (kilowatt hour, US-RFC, None)
'market for electricity, low voltage' (kilowatt hour, CA-ON, None)
'market for electricity, low voltage' (kilowatt hour, US-SERC, None)
'market for electricity, low voltage' (kilowatt hour, US-TRE, None)
'market for electricity, low voltage' (kilowatt hour, CA-NS, None)
'market for electricity, low voltage' (kilowatt hour, CA-NF, None)
'market for electricity, low voltage' (kilowatt hour, CA-NB, None)
'market for electricity, low voltage' (kilowatt hour, CA-NT, None)
'market for electricity, low voltage' (kilowatt hour, CA-BC, None)
'market for electricity, low voltage' (kilowatt hour, CA-YK, None)
'market for electricity, low voltage' (kilowatt hour, US-MRO, None)
'market for electricity, low voltage' (kilowatt hour, US-NPCC, None)
'market for electricity, low voltage' (kilowatt hour, CA-QC, None)
'market for electricity, low voltage' (kilowatt hour, US-PR, None)
'market for electricity, low voltage' (kilowatt hour, US-WECC, None)
'market for electricity, low voltage' (kilowatt hour, CA-SK, None)
'market for electricity, low voltage' (kilowatt hour, CA-PE, None)
'market for electricity, low voltage' (kilowatt hour, US-ASCC, None)
'market for electricity, low voltage' (kilowatt hour, CO, None)

